<?xml version="1.0" encoding="UTF-8"?>
<!-- Generated by org.testng.reporters.JUnitReportReporter -->
<testsuite hostname="DESKTOP-SEKDPB4" failures="0" tests="6" name="testNgPack.TestClassXYZ" time="41.296" errors="0" timestamp="2023-02-06T09:13:03 IST" skipped="0">
  <testcase classname="testNgPack.TestClassXYZ" name="VerifyCookiesPolicyLink123" time="6.688"/>
  <system-out/>
  <testcase classname="testNgPack.TestClassXYZ" name="verifyPrivacyPolicyLink123" time="5.883"/>
  <system-out/>
  <testcase classname="testNgPack.TestClassXYZ" name="VerifyCookiesPolicyLink123" time="5.529"/>
  <system-out/>
  <testcase classname="testNgPack.TestClassXYZ" name="verifyPrivacyPolicyLink123" time="5.600"/>
  <system-out/>
  <testcase classname="testNgPack.TestClassXYZ" name="verifyTermsLink123" time="10.276"/>
  <system-out/>
  <testcase classname="testNgPack.TestClassXYZ" name="verifyTermsLink123" time="7.320"/>
  <system-out/>
</testsuite> <!-- testNgPack.TestClassXYZ -->
