<?xml version="1.0" encoding="UTF-8"?>
<!-- Generated by org.testng.reporters.JUnitReportReporter -->
<testsuite hostname="DESKTOP-SEKDPB4" failures="0" tests="6" name="testNgPack.TestClassABC" time="51.645" errors="0" timestamp="2023-02-06T09:13:03 IST" skipped="0">
  <testcase classname="testNgPack.TestClassABC" name="verifyTermsLink123" time="7.424"/>
  <system-out/>
  <testcase classname="testNgPack.TestClassABC" name="verifyPrivacyPolicyLink123" time="6.760"/>
  <system-out/>
  <testcase classname="testNgPack.TestClassABC" name="verifyPrivacyPolicyLink123" time="5.508"/>
  <system-out/>
  <testcase classname="testNgPack.TestClassABC" name="verifyTermsLink123" time="13.014"/>
  <system-out/>
  <testcase classname="testNgPack.TestClassABC" name="VerifyCookiesPolicyLink123" time="11.325"/>
  <system-out/>
  <testcase classname="testNgPack.TestClassABC" name="VerifyCookiesPolicyLink123" time="7.614"/>
  <system-out/>
</testsuite> <!-- testNgPack.TestClassABC -->
